<?xml version="1.0" encoding="UTF-8"?>
<testsuite xmlns:xsi="http://www.w3.org/2001/XMLSchema-instance" xsi:noNamespaceSchemaLocation="https://maven.apache.org/surefire/maven-surefire-plugin/xsd/surefire-test-report.xsd" name="TestSuite" time="2.191" tests="5" errors="0" skipped="0" failures="0">
  <properties>
    <property name="sun.desktop" value="windows"/>
    <property name="awt.toolkit" value="sun.awt.windows.WToolkit"/>
    <property name="file.encoding.pkg" value="sun.io"/>
    <property name="java.specification.version" value="1.8"/>
    <property name="sun.cpu.isalist" value="amd64"/>
    <property name="sun.jnu.encoding" value="GBK"/>
    <property name="java.class.path" value="E:\repository\org\apache\maven\surefire\surefire-booter\2.22.1\surefire-booter-2.22.1.jar;E:\repository\org\apache\maven\surefire\surefire-api\2.22.1\surefire-api-2.22.1.jar;E:\repository\org\apache\maven\surefire\surefire-logger-api\2.22.1\surefire-logger-api-2.22.1.jar;E:\myGitHub\symphony\target\test-classes;E:\myGitHub\symphony\target\classes;E:\repository\org\slf4j\slf4j-log4j12\1.7.28\slf4j-log4j12-1.7.28.jar;E:\repository\org\slf4j\slf4j-api\1.7.28\slf4j-api-1.7.28.jar;E:\repository\log4j\log4j\1.2.17\log4j-1.2.17.jar;E:\repository\org\b3log\latke-core\2.5.8\latke-core-2.5.8.jar;E:\repository\org\freemarker\freemarker\2.3.29\freemarker-2.3.29.jar;E:\repository\commons-io\commons-io\2.6\commons-io-2.6.jar;E:\repository\commons-lang\commons-lang\2.6\commons-lang-2.6.jar;E:\repository\commons-codec\commons-codec\1.12\commons-codec-1.12.jar;E:\repository\org\javassist\javassist\3.26.0-GA\javassist-3.26.0-GA.jar;E:\repository\redis\clients\jedis\3.1.0\jedis-3.1.0.jar;E:\repository\org\apache\commons\commons-pool2\2.6.2\commons-pool2-2.6.2.jar;E:\repository\com\github\ben-manes\caffeine\caffeine\2.8.0\caffeine-2.8.0.jar;E:\repository\org\checkerframework\checker-qual\2.10.0\checker-qual-2.10.0.jar;E:\repository\com\zaxxer\HikariCP\3.4.1\HikariCP-3.4.1.jar;E:\repository\javax\servlet\javax.servlet-api\3.1.0\javax.servlet-api-3.1.0.jar;E:\repository\javax\websocket\javax.websocket-api\1.1\javax.websocket-api-1.1.jar;E:\repository\org\b3log\latke-repository-mysql\2.5.8\latke-repository-mysql-2.5.8.jar;E:\repository\mysql\mysql-connector-java\8.0.18\mysql-connector-java-8.0.18.jar;E:\repository\com\google\protobuf\protobuf-java\3.6.1\protobuf-java-3.6.1.jar;E:\repository\org\testng\testng\6.14.3\testng-6.14.3.jar;E:\repository\com\beust\jcommander\1.72\jcommander-1.72.jar;E:\repository\org\apache-extras\beanshell\bsh\2.0b6\bsh-2.0b6.jar;E:\repository\commons-cli\commons-cli\1.3.1\commons-cli-1.3.1.jar;E:\repository\org\eclipse\jetty\jetty-webapp\9.4.14.v20181114\jetty-webapp-9.4.14.v20181114.jar;E:\repository\org\eclipse\jetty\jetty-xml\9.4.14.v20181114\jetty-xml-9.4.14.v20181114.jar;E:\repository\org\eclipse\jetty\jetty-util\9.4.14.v20181114\jetty-util-9.4.14.v20181114.jar;E:\repository\org\eclipse\jetty\jetty-servlet\9.4.14.v20181114\jetty-servlet-9.4.14.v20181114.jar;E:\repository\org\eclipse\jetty\jetty-security\9.4.14.v20181114\jetty-security-9.4.14.v20181114.jar;E:\repository\org\eclipse\jetty\jetty-server\9.4.14.v20181114\jetty-server-9.4.14.v20181114.jar;E:\repository\org\eclipse\jetty\websocket\javax-websocket-server-impl\9.4.14.v20181114\javax-websocket-server-impl-9.4.14.v20181114.jar;E:\repository\org\eclipse\jetty\jetty-annotations\9.4.14.v20181114\jetty-annotations-9.4.14.v20181114.jar;E:\repository\org\eclipse\jetty\jetty-plus\9.4.14.v20181114\jetty-plus-9.4.14.v20181114.jar;E:\repository\org\eclipse\jetty\jetty-jndi\9.4.14.v20181114\jetty-jndi-9.4.14.v20181114.jar;E:\repository\javax\annotation\javax.annotation-api\1.2\javax.annotation-api-1.2.jar;E:\repository\org\ow2\asm\asm\7.0\asm-7.0.jar;E:\repository\org\ow2\asm\asm-commons\7.0\asm-commons-7.0.jar;E:\repository\org\ow2\asm\asm-tree\7.0\asm-tree-7.0.jar;E:\repository\org\ow2\asm\asm-analysis\7.0\asm-analysis-7.0.jar;E:\repository\org\eclipse\jetty\websocket\javax-websocket-client-impl\9.4.14.v20181114\javax-websocket-client-impl-9.4.14.v20181114.jar;E:\repository\org\eclipse\jetty\websocket\websocket-client\9.4.14.v20181114\websocket-client-9.4.14.v20181114.jar;E:\repository\org\eclipse\jetty\jetty-client\9.4.14.v20181114\jetty-client-9.4.14.v20181114.jar;E:\repository\org\eclipse\jetty\jetty-io\9.4.14.v20181114\jetty-io-9.4.14.v20181114.jar;E:\repository\javax\websocket\javax.websocket-client-api\1.0\javax.websocket-client-api-1.0.jar;E:\repository\org\eclipse\jetty\websocket\websocket-server\9.4.14.v20181114\websocket-server-9.4.14.v20181114.jar;E:\repository\org\eclipse\jetty\websocket\websocket-common\9.4.14.v20181114\websocket-common-9.4.14.v20181114.jar;E:\repository\org\eclipse\jetty\websocket\websocket-api\9.4.14.v20181114\websocket-api-9.4.14.v20181114.jar;E:\repository\org\eclipse\jetty\websocket\websocket-servlet\9.4.14.v20181114\websocket-servlet-9.4.14.v20181114.jar;E:\repository\org\eclipse\jetty\jetty-http\9.4.14.v20181114\jetty-http-9.4.14.v20181114.jar;E:\repository\org\jsoup\jsoup\1.12.1\jsoup-1.12.1.jar;E:\repository\com\vladsch\flexmark\flexmark-all\0.50.40\flexmark-all-0.50.40.jar;E:\repository\com\vladsch\flexmark\flexmark\0.50.40\flexmark-0.50.40.jar;E:\repository\com\vladsch\flexmark\flexmark-ext-abbreviation\0.50.40\flexmark-ext-abbreviation-0.50.40.jar;E:\repository\com\vladsch\flexmark\flexmark-ext-admonition\0.50.40\flexmark-ext-admonition-0.50.40.jar;E:\repository\com\vladsch\flexmark\flexmark-ext-anchorlink\0.50.40\flexmark-ext-anchorlink-0.50.40.jar;E:\repository\com\vladsch\flexmark\flexmark-ext-aside\0.50.40\flexmark-ext-aside-0.50.40.jar;E:\repository\com\vladsch\flexmark\flexmark-ext-attributes\0.50.40\flexmark-ext-attributes-0.50.40.jar;E:\repository\com\vladsch\flexmark\flexmark-ext-autolink\0.50.40\flexmark-ext-autolink-0.50.40.jar;E:\repository\org\nibor\autolink\autolink\0.6.0\autolink-0.6.0.jar;E:\repository\com\vladsch\flexmark\flexmark-ext-definition\0.50.40\flexmark-ext-definition-0.50.40.jar;E:\repository\com\vladsch\flexmark\flexmark-ext-emoji\0.50.40\flexmark-ext-emoji-0.50.40.jar;E:\repository\com\vladsch\flexmark\flexmark-ext-enumerated-reference\0.50.40\flexmark-ext-enumerated-reference-0.50.40.jar;E:\repository\com\vladsch\flexmark\flexmark-ext-escaped-character\0.50.40\flexmark-ext-escaped-character-0.50.40.jar;E:\repository\com\vladsch\flexmark\flexmark-ext-footnotes\0.50.40\flexmark-ext-footnotes-0.50.40.jar;E:\repository\com\vladsch\flexmark\flexmark-ext-gfm-issues\0.50.40\flexmark-ext-gfm-issues-0.50.40.jar;E:\repository\com\vladsch\flexmark\flexmark-ext-gfm-strikethrough\0.50.40\flexmark-ext-gfm-strikethrough-0.50.40.jar;E:\repository\com\vladsch\flexmark\flexmark-ext-gfm-tables\0.50.40\flexmark-ext-gfm-tables-0.50.40.jar;E:\repository\com\vladsch\flexmark\flexmark-ext-gfm-tasklist\0.50.40\flexmark-ext-gfm-tasklist-0.50.40.jar;E:\repository\com\vladsch\flexmark\flexmark-ext-gfm-users\0.50.40\flexmark-ext-gfm-users-0.50.40.jar;E:\repository\com\vladsch\flexmark\flexmark-ext-gitlab\0.50.40\flexmark-ext-gitlab-0.50.40.jar;E:\repository\com\vladsch\flexmark\flexmark-ext-jekyll-front-matter\0.50.40\flexmark-ext-jekyll-front-matter-0.50.40.jar;E:\repository\com\vladsch\flexmark\flexmark-ext-jekyll-tag\0.50.40\flexmark-ext-jekyll-tag-0.50.40.jar;E:\repository\com\vladsch\flexmark\flexmark-ext-media-tags\0.50.40\flexmark-ext-media-tags-0.50.40.jar;E:\repository\com\vladsch\flexmark\flexmark-ext-macros\0.50.40\flexmark-ext-macros-0.50.40.jar;E:\repository\com\vladsch\flexmark\flexmark-ext-ins\0.50.40\flexmark-ext-ins-0.50.40.jar;E:\repository\com\vladsch\flexmark\flexmark-ext-xwiki-macros\0.50.40\flexmark-ext-xwiki-macros-0.50.40.jar;E:\repository\com\vladsch\flexmark\flexmark-ext-superscript\0.50.40\flexmark-ext-superscript-0.50.40.jar;E:\repository\com\vladsch\flexmark\flexmark-ext-tables\0.50.40\flexmark-ext-tables-0.50.40.jar;E:\repository\com\vladsch\flexmark\flexmark-ext-toc\0.50.40\flexmark-ext-toc-0.50.40.jar;E:\repository\com\vladsch\flexmark\flexmark-ext-typographic\0.50.40\flexmark-ext-typographic-0.50.40.jar;E:\repository\com\vladsch\flexmark\flexmark-ext-wikilink\0.50.40\flexmark-ext-wikilink-0.50.40.jar;E:\repository\com\vladsch\flexmark\flexmark-ext-yaml-front-matter\0.50.40\flexmark-ext-yaml-front-matter-0.50.40.jar;E:\repository\com\vladsch\flexmark\flexmark-ext-youtube-embedded\0.50.40\flexmark-ext-youtube-embedded-0.50.40.jar;E:\repository\com\vladsch\flexmark\flexmark-formatter\0.50.40\flexmark-formatter-0.50.40.jar;E:\repository\com\vladsch\flexmark\flexmark-html-parser\0.50.40\flexmark-html-parser-0.50.40.jar;E:\repository\com\vladsch\flexmark\flexmark-html2md-converter\0.50.40\flexmark-html2md-converter-0.50.40.jar;E:\repository\com\vladsch\flexmark\flexmark-profile-pegdown\0.50.40\flexmark-profile-pegdown-0.50.40.jar;E:\repository\com\vladsch\flexmark\flexmark-util\0.50.40\flexmark-util-0.50.40.jar;E:\repository\com\qiniu\qiniu-java-sdk\7.2.23\qiniu-java-sdk-7.2.23.jar;E:\repository\com\squareup\okhttp3\okhttp\3.11.0\okhttp-3.11.0.jar;E:\repository\com\squareup\okio\okio\1.14.0\okio-1.14.0.jar;E:\repository\com\google\code\gson\gson\2.8.5\gson-2.8.5.jar;E:\repository\org\jodd\jodd-http\5.0.13\jodd-http-5.0.13.jar;E:\repository\org\jodd\jodd-core\5.0.13\jodd-core-5.0.13.jar;E:\repository\com\vdurmont\emoji-java\5.1.0\emoji-java-5.1.0.jar;E:\repository\eu\bitwalker\UserAgentUtils\1.21\UserAgentUtils-1.21.jar;E:\myGitHub\symphony\src\main\resources\lib\net\pusuo\patchca-0.5.0.jar;E:\repository\org\elasticsearch\elasticsearch\2.3.1\elasticsearch-2.3.1.jar;E:\repository\org\apache\lucene\lucene-core\5.5.0\lucene-core-5.5.0.jar;E:\repository\org\apache\lucene\lucene-backward-codecs\5.5.0\lucene-backward-codecs-5.5.0.jar;E:\repository\org\apache\lucene\lucene-analyzers-common\5.5.0\lucene-analyzers-common-5.5.0.jar;E:\repository\org\apache\lucene\lucene-queries\5.5.0\lucene-queries-5.5.0.jar;E:\repository\org\apache\lucene\lucene-memory\5.5.0\lucene-memory-5.5.0.jar;E:\repository\org\apache\lucene\lucene-highlighter\5.5.0\lucene-highlighter-5.5.0.jar;E:\repository\org\apache\lucene\lucene-queryparser\5.5.0\lucene-queryparser-5.5.0.jar;E:\repository\org\apache\lucene\lucene-sandbox\5.5.0\lucene-sandbox-5.5.0.jar;E:\repository\org\apache\lucene\lucene-suggest\5.5.0\lucene-suggest-5.5.0.jar;E:\repository\org\apache\lucene\lucene-misc\5.5.0\lucene-misc-5.5.0.jar;E:\repository\org\apache\lucene\lucene-join\5.5.0\lucene-join-5.5.0.jar;E:\repository\org\apache\lucene\lucene-grouping\5.5.0\lucene-grouping-5.5.0.jar;E:\repository\org\apache\lucene\lucene-spatial\5.5.0\lucene-spatial-5.5.0.jar;E:\repository\org\apache\lucene\lucene-spatial3d\5.5.0\lucene-spatial3d-5.5.0.jar;E:\repository\com\spatial4j\spatial4j\0.5\spatial4j-0.5.jar;E:\repository\org\elasticsearch\securesm\1.0\securesm-1.0.jar;E:\repository\com\carrotsearch\hppc\0.7.1\hppc-0.7.1.jar;E:\repository\joda-time\joda-time\2.8.2\joda-time-2.8.2.jar;E:\repository\org\joda\joda-convert\1.2\joda-convert-1.2.jar;E:\repository\com\fasterxml\jackson\core\jackson-core\2.6.2\jackson-core-2.6.2.jar;E:\repository\com\fasterxml\jackson\dataformat\jackson-dataformat-smile\2.6.2\jackson-dataformat-smile-2.6.2.jar;E:\repository\com\fasterxml\jackson\dataformat\jackson-dataformat-yaml\2.6.2\jackson-dataformat-yaml-2.6.2.jar;E:\repository\com\fasterxml\jackson\dataformat\jackson-dataformat-cbor\2.6.2\jackson-dataformat-cbor-2.6.2.jar;E:\repository\io\netty\netty\3.10.5.Final\netty-3.10.5.Final.jar;E:\repository\com\ning\compress-lzf\1.0.2\compress-lzf-1.0.2.jar;E:\repository\com\tdunning\t-digest\3.0\t-digest-3.0.jar;E:\repository\org\hdrhistogram\HdrHistogram\2.1.6\HdrHistogram-2.1.6.jar;E:\repository\com\twitter\jsr166e\1.1.0\jsr166e-1.1.0.jar;E:\repository\com\google\guava\guava\22.0\guava-22.0.jar;E:\repository\com\google\code\findbugs\jsr305\1.3.9\jsr305-1.3.9.jar;E:\repository\com\google\errorprone\error_prone_annotations\2.0.18\error_prone_annotations-2.0.18.jar;E:\repository\com\google\j2objc\j2objc-annotations\1.1\j2objc-annotations-1.1.jar;E:\repository\org\codehaus\mojo\animal-sniffer-annotations\1.14\animal-sniffer-annotations-1.14.jar;E:\repository\org\owasp\encoder\encoder\1.2.2\encoder-1.2.2.jar;E:\repository\org\yaml\snakeyaml\1.18\snakeyaml-1.18.jar;E:\repository\com\sun\mail\javax.mail\1.6.2\javax.mail-1.6.2.jar;E:\repository\javax\activation\activation\1.1\activation-1.1.jar;E:\repository\org\apache\maven\surefire\surefire-testng\2.22.1\surefire-testng-2.22.1.jar;E:\repository\org\apache\maven\surefire\common-java5\2.22.1\common-java5-2.22.1.jar;E:\repository\org\apache\maven\surefire\surefire-testng-utils\2.22.1\surefire-testng-utils-2.22.1.jar;E:\repository\org\apache\maven\surefire\surefire-grouper\2.22.1\surefire-grouper-2.22.1.jar"/>
    <property name="java.vm.vendor" value="Oracle Corporation"/>
    <property name="sun.arch.data.model" value="64"/>
    <property name="user.variant" value=""/>
    <property name="java.vendor.url" value="http://java.oracle.com/"/>
    <property name="user.timezone" value="Asia/Shanghai"/>
    <property name="java.vm.specification.version" value="1.8"/>
    <property name="os.name" value="Windows 10"/>
    <property name="user.country" value="CN"/>
    <property name="sun.java.launcher" value="SUN_STANDARD"/>
    <property name="sun.boot.library.path" value="C:\Program Files\Java\jdk1.8.0_211\jre\bin"/>
    <property name="sun.java.command" value="org.apache.maven.surefire.booter.ForkedBooter C:\Users\799593\AppData\Local\Temp\surefire7345515829068281544 2019-10-24T11-14-07_568-jvmRun1 surefire1330039386653154135tmp surefire_07286159051790472488tmp"/>
    <property name="surefire.test.class.path" value="E:\myGitHub\symphony\target\test-classes;E:\myGitHub\symphony\target\classes;E:\repository\org\slf4j\slf4j-log4j12\1.7.28\slf4j-log4j12-1.7.28.jar;E:\repository\org\slf4j\slf4j-api\1.7.28\slf4j-api-1.7.28.jar;E:\repository\log4j\log4j\1.2.17\log4j-1.2.17.jar;E:\repository\org\b3log\latke-core\2.5.8\latke-core-2.5.8.jar;E:\repository\org\freemarker\freemarker\2.3.29\freemarker-2.3.29.jar;E:\repository\commons-io\commons-io\2.6\commons-io-2.6.jar;E:\repository\commons-lang\commons-lang\2.6\commons-lang-2.6.jar;E:\repository\commons-codec\commons-codec\1.12\commons-codec-1.12.jar;E:\repository\org\javassist\javassist\3.26.0-GA\javassist-3.26.0-GA.jar;E:\repository\redis\clients\jedis\3.1.0\jedis-3.1.0.jar;E:\repository\org\apache\commons\commons-pool2\2.6.2\commons-pool2-2.6.2.jar;E:\repository\com\github\ben-manes\caffeine\caffeine\2.8.0\caffeine-2.8.0.jar;E:\repository\org\checkerframework\checker-qual\2.10.0\checker-qual-2.10.0.jar;E:\repository\com\zaxxer\HikariCP\3.4.1\HikariCP-3.4.1.jar;E:\repository\javax\servlet\javax.servlet-api\3.1.0\javax.servlet-api-3.1.0.jar;E:\repository\javax\websocket\javax.websocket-api\1.1\javax.websocket-api-1.1.jar;E:\repository\org\b3log\latke-repository-mysql\2.5.8\latke-repository-mysql-2.5.8.jar;E:\repository\mysql\mysql-connector-java\8.0.18\mysql-connector-java-8.0.18.jar;E:\repository\com\google\protobuf\protobuf-java\3.6.1\protobuf-java-3.6.1.jar;E:\repository\org\testng\testng\6.14.3\testng-6.14.3.jar;E:\repository\com\beust\jcommander\1.72\jcommander-1.72.jar;E:\repository\org\apache-extras\beanshell\bsh\2.0b6\bsh-2.0b6.jar;E:\repository\commons-cli\commons-cli\1.3.1\commons-cli-1.3.1.jar;E:\repository\org\eclipse\jetty\jetty-webapp\9.4.14.v20181114\jetty-webapp-9.4.14.v20181114.jar;E:\repository\org\eclipse\jetty\jetty-xml\9.4.14.v20181114\jetty-xml-9.4.14.v20181114.jar;E:\repository\org\eclipse\jetty\jetty-util\9.4.14.v20181114\jetty-util-9.4.14.v20181114.jar;E:\repository\org\eclipse\jetty\jetty-servlet\9.4.14.v20181114\jetty-servlet-9.4.14.v20181114.jar;E:\repository\org\eclipse\jetty\jetty-security\9.4.14.v20181114\jetty-security-9.4.14.v20181114.jar;E:\repository\org\eclipse\jetty\jetty-server\9.4.14.v20181114\jetty-server-9.4.14.v20181114.jar;E:\repository\org\eclipse\jetty\websocket\javax-websocket-server-impl\9.4.14.v20181114\javax-websocket-server-impl-9.4.14.v20181114.jar;E:\repository\org\eclipse\jetty\jetty-annotations\9.4.14.v20181114\jetty-annotations-9.4.14.v20181114.jar;E:\repository\org\eclipse\jetty\jetty-plus\9.4.14.v20181114\jetty-plus-9.4.14.v20181114.jar;E:\repository\org\eclipse\jetty\jetty-jndi\9.4.14.v20181114\jetty-jndi-9.4.14.v20181114.jar;E:\repository\javax\annotation\javax.annotation-api\1.2\javax.annotation-api-1.2.jar;E:\repository\org\ow2\asm\asm\7.0\asm-7.0.jar;E:\repository\org\ow2\asm\asm-commons\7.0\asm-commons-7.0.jar;E:\repository\org\ow2\asm\asm-tree\7.0\asm-tree-7.0.jar;E:\repository\org\ow2\asm\asm-analysis\7.0\asm-analysis-7.0.jar;E:\repository\org\eclipse\jetty\websocket\javax-websocket-client-impl\9.4.14.v20181114\javax-websocket-client-impl-9.4.14.v20181114.jar;E:\repository\org\eclipse\jetty\websocket\websocket-client\9.4.14.v20181114\websocket-client-9.4.14.v20181114.jar;E:\repository\org\eclipse\jetty\jetty-client\9.4.14.v20181114\jetty-client-9.4.14.v20181114.jar;E:\repository\org\eclipse\jetty\jetty-io\9.4.14.v20181114\jetty-io-9.4.14.v20181114.jar;E:\repository\javax\websocket\javax.websocket-client-api\1.0\javax.websocket-client-api-1.0.jar;E:\repository\org\eclipse\jetty\websocket\websocket-server\9.4.14.v20181114\websocket-server-9.4.14.v20181114.jar;E:\repository\org\eclipse\jetty\websocket\websocket-common\9.4.14.v20181114\websocket-common-9.4.14.v20181114.jar;E:\repository\org\eclipse\jetty\websocket\websocket-api\9.4.14.v20181114\websocket-api-9.4.14.v20181114.jar;E:\repository\org\eclipse\jetty\websocket\websocket-servlet\9.4.14.v20181114\websocket-servlet-9.4.14.v20181114.jar;E:\repository\org\eclipse\jetty\jetty-http\9.4.14.v20181114\jetty-http-9.4.14.v20181114.jar;E:\repository\org\jsoup\jsoup\1.12.1\jsoup-1.12.1.jar;E:\repository\com\vladsch\flexmark\flexmark-all\0.50.40\flexmark-all-0.50.40.jar;E:\repository\com\vladsch\flexmark\flexmark\0.50.40\flexmark-0.50.40.jar;E:\repository\com\vladsch\flexmark\flexmark-ext-abbreviation\0.50.40\flexmark-ext-abbreviation-0.50.40.jar;E:\repository\com\vladsch\flexmark\flexmark-ext-admonition\0.50.40\flexmark-ext-admonition-0.50.40.jar;E:\repository\com\vladsch\flexmark\flexmark-ext-anchorlink\0.50.40\flexmark-ext-anchorlink-0.50.40.jar;E:\repository\com\vladsch\flexmark\flexmark-ext-aside\0.50.40\flexmark-ext-aside-0.50.40.jar;E:\repository\com\vladsch\flexmark\flexmark-ext-attributes\0.50.40\flexmark-ext-attributes-0.50.40.jar;E:\repository\com\vladsch\flexmark\flexmark-ext-autolink\0.50.40\flexmark-ext-autolink-0.50.40.jar;E:\repository\org\nibor\autolink\autolink\0.6.0\autolink-0.6.0.jar;E:\repository\com\vladsch\flexmark\flexmark-ext-definition\0.50.40\flexmark-ext-definition-0.50.40.jar;E:\repository\com\vladsch\flexmark\flexmark-ext-emoji\0.50.40\flexmark-ext-emoji-0.50.40.jar;E:\repository\com\vladsch\flexmark\flexmark-ext-enumerated-reference\0.50.40\flexmark-ext-enumerated-reference-0.50.40.jar;E:\repository\com\vladsch\flexmark\flexmark-ext-escaped-character\0.50.40\flexmark-ext-escaped-character-0.50.40.jar;E:\repository\com\vladsch\flexmark\flexmark-ext-footnotes\0.50.40\flexmark-ext-footnotes-0.50.40.jar;E:\repository\com\vladsch\flexmark\flexmark-ext-gfm-issues\0.50.40\flexmark-ext-gfm-issues-0.50.40.jar;E:\repository\com\vladsch\flexmark\flexmark-ext-gfm-strikethrough\0.50.40\flexmark-ext-gfm-strikethrough-0.50.40.jar;E:\repository\com\vladsch\flexmark\flexmark-ext-gfm-tables\0.50.40\flexmark-ext-gfm-tables-0.50.40.jar;E:\repository\com\vladsch\flexmark\flexmark-ext-gfm-tasklist\0.50.40\flexmark-ext-gfm-tasklist-0.50.40.jar;E:\repository\com\vladsch\flexmark\flexmark-ext-gfm-users\0.50.40\flexmark-ext-gfm-users-0.50.40.jar;E:\repository\com\vladsch\flexmark\flexmark-ext-gitlab\0.50.40\flexmark-ext-gitlab-0.50.40.jar;E:\repository\com\vladsch\flexmark\flexmark-ext-jekyll-front-matter\0.50.40\flexmark-ext-jekyll-front-matter-0.50.40.jar;E:\repository\com\vladsch\flexmark\flexmark-ext-jekyll-tag\0.50.40\flexmark-ext-jekyll-tag-0.50.40.jar;E:\repository\com\vladsch\flexmark\flexmark-ext-media-tags\0.50.40\flexmark-ext-media-tags-0.50.40.jar;E:\repository\com\vladsch\flexmark\flexmark-ext-macros\0.50.40\flexmark-ext-macros-0.50.40.jar;E:\repository\com\vladsch\flexmark\flexmark-ext-ins\0.50.40\flexmark-ext-ins-0.50.40.jar;E:\repository\com\vladsch\flexmark\flexmark-ext-xwiki-macros\0.50.40\flexmark-ext-xwiki-macros-0.50.40.jar;E:\repository\com\vladsch\flexmark\flexmark-ext-superscript\0.50.40\flexmark-ext-superscript-0.50.40.jar;E:\repository\com\vladsch\flexmark\flexmark-ext-tables\0.50.40\flexmark-ext-tables-0.50.40.jar;E:\repository\com\vladsch\flexmark\flexmark-ext-toc\0.50.40\flexmark-ext-toc-0.50.40.jar;E:\repository\com\vladsch\flexmark\flexmark-ext-typographic\0.50.40\flexmark-ext-typographic-0.50.40.jar;E:\repository\com\vladsch\flexmark\flexmark-ext-wikilink\0.50.40\flexmark-ext-wikilink-0.50.40.jar;E:\repository\com\vladsch\flexmark\flexmark-ext-yaml-front-matter\0.50.40\flexmark-ext-yaml-front-matter-0.50.40.jar;E:\repository\com\vladsch\flexmark\flexmark-ext-youtube-embedded\0.50.40\flexmark-ext-youtube-embedded-0.50.40.jar;E:\repository\com\vladsch\flexmark\flexmark-formatter\0.50.40\flexmark-formatter-0.50.40.jar;E:\repository\com\vladsch\flexmark\flexmark-html-parser\0.50.40\flexmark-html-parser-0.50.40.jar;E:\repository\com\vladsch\flexmark\flexmark-html2md-converter\0.50.40\flexmark-html2md-converter-0.50.40.jar;E:\repository\com\vladsch\flexmark\flexmark-profile-pegdown\0.50.40\flexmark-profile-pegdown-0.50.40.jar;E:\repository\com\vladsch\flexmark\flexmark-util\0.50.40\flexmark-util-0.50.40.jar;E:\repository\com\qiniu\qiniu-java-sdk\7.2.23\qiniu-java-sdk-7.2.23.jar;E:\repository\com\squareup\okhttp3\okhttp\3.11.0\okhttp-3.11.0.jar;E:\repository\com\squareup\okio\okio\1.14.0\okio-1.14.0.jar;E:\repository\com\google\code\gson\gson\2.8.5\gson-2.8.5.jar;E:\repository\org\jodd\jodd-http\5.0.13\jodd-http-5.0.13.jar;E:\repository\org\jodd\jodd-core\5.0.13\jodd-core-5.0.13.jar;E:\repository\com\vdurmont\emoji-java\5.1.0\emoji-java-5.1.0.jar;E:\repository\eu\bitwalker\UserAgentUtils\1.21\UserAgentUtils-1.21.jar;E:\myGitHub\symphony\src\main\resources\lib\net\pusuo\patchca-0.5.0.jar;E:\repository\org\elasticsearch\elasticsearch\2.3.1\elasticsearch-2.3.1.jar;E:\repository\org\apache\lucene\lucene-core\5.5.0\lucene-core-5.5.0.jar;E:\repository\org\apache\lucene\lucene-backward-codecs\5.5.0\lucene-backward-codecs-5.5.0.jar;E:\repository\org\apache\lucene\lucene-analyzers-common\5.5.0\lucene-analyzers-common-5.5.0.jar;E:\repository\org\apache\lucene\lucene-queries\5.5.0\lucene-queries-5.5.0.jar;E:\repository\org\apache\lucene\lucene-memory\5.5.0\lucene-memory-5.5.0.jar;E:\repository\org\apache\lucene\lucene-highlighter\5.5.0\lucene-highlighter-5.5.0.jar;E:\repository\org\apache\lucene\lucene-queryparser\5.5.0\lucene-queryparser-5.5.0.jar;E:\repository\org\apache\lucene\lucene-sandbox\5.5.0\lucene-sandbox-5.5.0.jar;E:\repository\org\apache\lucene\lucene-suggest\5.5.0\lucene-suggest-5.5.0.jar;E:\repository\org\apache\lucene\lucene-misc\5.5.0\lucene-misc-5.5.0.jar;E:\repository\org\apache\lucene\lucene-join\5.5.0\lucene-join-5.5.0.jar;E:\repository\org\apache\lucene\lucene-grouping\5.5.0\lucene-grouping-5.5.0.jar;E:\repository\org\apache\lucene\lucene-spatial\5.5.0\lucene-spatial-5.5.0.jar;E:\repository\org\apache\lucene\lucene-spatial3d\5.5.0\lucene-spatial3d-5.5.0.jar;E:\repository\com\spatial4j\spatial4j\0.5\spatial4j-0.5.jar;E:\repository\org\elasticsearch\securesm\1.0\securesm-1.0.jar;E:\repository\com\carrotsearch\hppc\0.7.1\hppc-0.7.1.jar;E:\repository\joda-time\joda-time\2.8.2\joda-time-2.8.2.jar;E:\repository\org\joda\joda-convert\1.2\joda-convert-1.2.jar;E:\repository\com\fasterxml\jackson\core\jackson-core\2.6.2\jackson-core-2.6.2.jar;E:\repository\com\fasterxml\jackson\dataformat\jackson-dataformat-smile\2.6.2\jackson-dataformat-smile-2.6.2.jar;E:\repository\com\fasterxml\jackson\dataformat\jackson-dataformat-yaml\2.6.2\jackson-dataformat-yaml-2.6.2.jar;E:\repository\com\fasterxml\jackson\dataformat\jackson-dataformat-cbor\2.6.2\jackson-dataformat-cbor-2.6.2.jar;E:\repository\io\netty\netty\3.10.5.Final\netty-3.10.5.Final.jar;E:\repository\com\ning\compress-lzf\1.0.2\compress-lzf-1.0.2.jar;E:\repository\com\tdunning\t-digest\3.0\t-digest-3.0.jar;E:\repository\org\hdrhistogram\HdrHistogram\2.1.6\HdrHistogram-2.1.6.jar;E:\repository\com\twitter\jsr166e\1.1.0\jsr166e-1.1.0.jar;E:\repository\com\google\guava\guava\22.0\guava-22.0.jar;E:\repository\com\google\code\findbugs\jsr305\1.3.9\jsr305-1.3.9.jar;E:\repository\com\google\errorprone\error_prone_annotations\2.0.18\error_prone_annotations-2.0.18.jar;E:\repository\com\google\j2objc\j2objc-annotations\1.1\j2objc-annotations-1.1.jar;E:\repository\org\codehaus\mojo\animal-sniffer-annotations\1.14\animal-sniffer-annotations-1.14.jar;E:\repository\org\owasp\encoder\encoder\1.2.2\encoder-1.2.2.jar;E:\repository\org\yaml\snakeyaml\1.18\snakeyaml-1.18.jar;E:\repository\com\sun\mail\javax.mail\1.6.2\javax.mail-1.6.2.jar;E:\repository\javax\activation\activation\1.1\activation-1.1.jar;"/>
    <property name="sun.cpu.endian" value="little"/>
    <property name="user.home" value="C:\Users\799593"/>
    <property name="user.language" value="zh"/>
    <property name="java.specification.vendor" value="Oracle Corporation"/>
    <property name="java.home" value="C:\Program Files\Java\jdk1.8.0_211\jre"/>
    <property name="basedir" value="E:\myGitHub\symphony"/>
    <property name="file.separator" value="\"/>
    <property name="line.separator" value="&#10;"/>
    <property name="idea.version2019.2.3" value="true"/>
    <property name="java.vm.specification.vendor" value="Oracle Corporation"/>
    <property name="java.specification.name" value="Java Platform API Specification"/>
    <property name="java.awt.graphicsenv" value="sun.awt.Win32GraphicsEnvironment"/>
    <property name="sun.boot.class.path" value="C:\Program Files\Java\jdk1.8.0_211\jre\lib\resources.jar;C:\Program Files\Java\jdk1.8.0_211\jre\lib\rt.jar;C:\Program Files\Java\jdk1.8.0_211\jre\lib\sunrsasign.jar;C:\Program Files\Java\jdk1.8.0_211\jre\lib\jsse.jar;C:\Program Files\Java\jdk1.8.0_211\jre\lib\jce.jar;C:\Program Files\Java\jdk1.8.0_211\jre\lib\charsets.jar;C:\Program Files\Java\jdk1.8.0_211\jre\lib\jfr.jar;C:\Program Files\Java\jdk1.8.0_211\jre\classes"/>
    <property name="user.script" value=""/>
    <property name="sun.management.compiler" value="HotSpot 64-Bit Tiered Compilers"/>
    <property name="java.runtime.version" value="1.8.0_211-b12"/>
    <property name="user.name" value="799593"/>
    <property name="path.separator" value=";"/>
    <property name="os.version" value="10.0"/>
    <property name="java.endorsed.dirs" value="C:\Program Files\Java\jdk1.8.0_211\jre\lib\endorsed"/>
    <property name="java.runtime.name" value="Java(TM) SE Runtime Environment"/>
    <property name="file.encoding" value="GBK"/>
    <property name="java.vm.name" value="Java HotSpot(TM) 64-Bit Server VM"/>
    <property name="localRepository" value="E:\repository"/>
    <property name="java.vendor.url.bug" value="http://bugreport.sun.com/bugreport/"/>
    <property name="java.io.tmpdir" value="C:\Users\799593\AppData\Local\Temp\"/>
    <property name="java.version" value="1.8.0_211"/>
    <property name="user.dir" value="E:\myGitHub\symphony"/>
    <property name="os.arch" value="amd64"/>
    <property name="java.vm.specification.name" value="Java Virtual Machine Specification"/>
    <property name="java.awt.printerjob" value="sun.awt.windows.WPrinterJob"/>
    <property name="sun.os.patch.level" value=""/>
    <property name="java.library.path" value="C:\Program Files\Java\jdk1.8.0_211\jre\bin;C:\Windows\Sun\Java\bin;C:\Windows\system32;C:\Windows;D:\SoftWare\Xftp\;D:\SoftWare\;C:\Program Files (x86)\Common Files\Oracle\Java\javapath;C:\Windows\system32;C:\Windows;C:\Windows\System32\Wbem;C:\Windows\System32\WindowsPowerShell\v1.0\;C:\Program Files\TortoiseSVN\bin;C:\Program Files\Git\cmd;C:\Program Files\Java\jdk1.8.0_211\bin;D:\apache-maven-3.5.4\bin;D:\SoftWare2\mysql-5.7.28-winx64\bin;C:\Program Files\nodejs\;C:\ProgramData\chocolatey\bin;D:\SoftWare\HuGo\hugo\bin;C:\Users\799593\AppData\Local\Microsoft\WindowsApps;;c:\program files\esafenet\cobra docguard client;D:\自用软件\IntelliJ IDEA\IntelliJ IDEA 2019.2.1\bin;;C:\Users\799593\AppData\Roaming\npm;."/>
    <property name="java.vm.info" value="mixed mode"/>
    <property name="java.vendor" value="Oracle Corporation"/>
    <property name="java.vm.version" value="25.211-b12"/>
    <property name="java.ext.dirs" value="C:\Program Files\Java\jdk1.8.0_211\jre\lib\ext;C:\Windows\Sun\Java\lib\ext"/>
    <property name="sun.io.unicode.encoding" value="UnicodeLittle"/>
    <property name="java.class.version" value="52.0"/>
  </properties>
  <testcase name="QueryDslBuilder" classname="org.b3log.symphony.util.ElasticsearchTestCase" time="0.65"/>
  <testcase name="QueryDslJSONBuilder" classname="org.b3log.symphony.util.ElasticsearchTestCase" time="0.006"/>
  <testcase name="test" classname="org.b3log.symphony.util.PanguTestCase" time="0.011"/>
  <testcase name="redditScore" classname="org.b3log.symphony.util.RedditScoreTest" time="0.003"/>
  <testcase name="xss" classname="org.b3log.symphony.util.XSSTestCase" time="0.143"/>
</testsuite>