<?xml version="1.0" encoding="UTF-8"?>
<!-- Generated by org.testng.reporters.JUnitReportReporter -->
<testsuite skipped="0" hostname="SHA-P04240326" name="org.b3log.symphony.util.ElasticsearchTestCase" tests="2" failures="0" timestamp="24 十月 2019 03:14:17 GMT" time="0.659" errors="0">
  <testcase name="QueryDslJSONBuilder" time="0.006" classname="org.b3log.symphony.util.ElasticsearchTestCase"/>
  <testcase name="QueryDslBuilder" time="0.653" classname="org.b3log.symphony.util.ElasticsearchTestCase"/>
</testsuite> <!-- org.b3log.symphony.util.ElasticsearchTestCase -->
