<?xml version="1.0" encoding="UTF-8"?>
<!-- Generated by org.testng.reporters.JUnitReportReporter -->
<testsuite skipped="0" hostname="SHA-P04240326" name="org.b3log.symphony.util.PanguTestCase" tests="1" failures="0" timestamp="24 十月 2019 03:14:17 GMT" time="0.011" errors="0">
  <testcase name="test" time="0.011" classname="org.b3log.symphony.util.PanguTestCase"/>
</testsuite> <!-- org.b3log.symphony.util.PanguTestCase -->
